# JRE version: OpenJDK Runtime Environment (8.0_152-b01) (build 1.8.0_152-release-915-b01)
# Java VM: OpenJDK 64-Bit Server VM (25.152-b01 mixed mode linux-amd64 compressed oops)
Heap:
 PSYoungGen      total 167936K, used 4584K [0x00000000e0000000, 0x00000000ecd80000, 0x0000000100000000)
  eden space 157184K, 0% used [0x00000000e0000000,0x00000000e0000000,0x00000000e9980000)
  from space 10752K, 42% used [0x00000000eb880000,0x00000000ebcfa0c0,0x00000000ec300000)
  to   space 3072K, 0% used [0x00000000eca80000,0x00000000eca80000,0x00000000ecd80000)
 ParOldGen       total 70656K, used 16636K [0x00000000a0000000, 0x00000000a4500000, 0x00000000e0000000)
  object space 70656K, 23% used [0x00000000a0000000,0x00000000a103f2c8,0x00000000a4500000)
 Metaspace       used 35882K, capacity 36798K, committed 37080K, reserved 1081344K
  class space    used 4769K, capacity 5108K, committed 5120K, reserved 1048576K
GC Heap History (10 events):
Event: 130,134 GC heap after
Heap after GC invocations=8 (full 1):
 PSYoungGen      total 72704K, used 7190K [0x00000000e0000000, 0x00000000e8d00000, 0x0000000100000000)
  eden space 62976K, 0% used [0x00000000e0000000,0x00000000e0000000,0x00000000e3d80000)
  from space 9728K, 73% used [0x00000000e3d80000,0x00000000e4485968,0x00000000e4700000)
  to   space 10240K, 0% used [0x00000000e8300000,0x00000000e8300000,0x00000000e8d00000)
 ParOldGen       total 44032K, used 6733K [0x00000000a0000000, 0x00000000a2b00000, 0x00000000e0000000)
  object space 44032K, 15% used [0x00000000a0000000,0x00000000a0693518,0x00000000a2b00000)
 Metaspace       used 27829K, capacity 28390K, committed 28800K, reserved 1075200K
  class space    used 3765K, capacity 3936K, committed 3968K, reserved 1048576K
}
Event: 130,759 GC heap before
{Heap before GC invocations=9 (full 1):
 PSYoungGen      total 72704K, used 70166K [0x00000000e0000000, 0x00000000e8d00000, 0x0000000100000000)
  eden space 62976K, 100% used [0x00000000e0000000,0x00000000e3d80000,0x00000000e3d80000)
  from space 9728K, 73% used [0x00000000e3d80000,0x00000000e4485968,0x00000000e4700000)
  to   space 10240K, 0% used [0x00000000e8300000,0x00000000e8300000,0x00000000e8d00000)
 ParOldGen       total 44032K, used 6733K [0x00000000a0000000, 0x00000000a2b00000, 0x00000000e0000000)
  object space 44032K, 15% used [0x00000000a0000000,0x00000000a0693518,0x00000000a2b00000)
 Metaspace       used 29926K, capacity 30772K, committed 31104K, reserved 1077248K
  class space    used 3961K, capacity 4207K, committed 4224K, reserved 1048576K
Event: 130,782 GC heap after
Heap after GC invocations=9 (full 1):
 PSYoungGen      total 134144K, used 6739K [0x00000000e0000000, 0x00000000e8c80000, 0x0000000100000000)
  eden space 124416K, 0% used [0x00000000e0000000,0x00000000e0000000,0x00000000e7980000)
  from space 9728K, 69% used [0x00000000e8300000,0x00000000e8994fa8,0x00000000e8c80000)
  to   space 9728K, 0% used [0x00000000e7980000,0x00000000e7980000,0x00000000e8300000)
 ParOldGen       total 44032K, used 6733K [0x00000000a0000000, 0x00000000a2b00000, 0x00000000e0000000)
  object space 44032K, 15% used [0x00000000a0000000,0x00000000a0693518,0x00000000a2b00000)
 Metaspace       used 29926K, capacity 30772K, committed 31104K, reserved 1077248K
  class space    used 3961K, capacity 4207K, committed 4224K, reserved 1048576K
}
Event: 131,570 GC heap before
{Heap before GC invocations=10 (full 1):
 PSYoungGen      total 134144K, used 60874K [0x00000000e0000000, 0x00000000e8c80000, 0x0000000100000000)
  eden space 124416K, 43% used [0x00000000e0000000,0x00000000e34dda70,0x00000000e7980000)
  from space 9728K, 69% used [0x00000000e8300000,0x00000000e8994fa8,0x00000000e8c80000)
  to   space 9728K, 0% used [0x00000000e7980000,0x00000000e7980000,0x00000000e8300000)
 ParOldGen       total 44032K, used 6733K [0x00000000a0000000, 0x00000000a2b00000, 0x00000000e0000000)
  object space 44032K, 15% used [0x00000000a0000000,0x00000000a0693518,0x00000000a2b00000)
 Metaspace       used 34403K, capacity 35184K, committed 35416K, reserved 1079296K
  class space    used 4634K, capacity 4911K, committed 4992K, reserved 1048576K
Event: 131,595 GC heap after
Heap after GC invocations=10 (full 1):
 PSYoungGen      total 134144K, used 8324K [0x00000000e0000000, 0x00000000ed480000, 0x0000000100000000)
  eden space 124416K, 0% used [0x00000000e0000000,0x00000000e0000000,0x00000000e7980000)
  from space 9728K, 85% used [0x00000000e7980000,0x00000000e81a13a0,0x00000000e8300000)
  to   space 10240K, 0% used [0x00000000eca80000,0x00000000eca80000,0x00000000ed480000)
 ParOldGen       total 44032K, used 9643K [0x00000000a0000000, 0x00000000a2b00000, 0x00000000e0000000)
  object space 44032K, 21% used [0x00000000a0000000,0x00000000a096aed8,0x00000000a2b00000)
 Metaspace       used 34403K, capacity 35184K, committed 35416K, reserved 1079296K
  class space    used 4634K, capacity 4911K, committed 4992K, reserved 1048576K
}
Event: 131,596 GC heap before
{Heap before GC invocations=11 (full 2):
 PSYoungGen      total 134144K, used 8324K [0x00000000e0000000, 0x00000000ed480000, 0x0000000100000000)
  eden space 124416K, 0% used [0x00000000e0000000,0x00000000e0000000,0x00000000e7980000)
  from space 9728K, 85% used [0x00000000e7980000,0x00000000e81a13a0,0x00000000e8300000)
  to   space 10240K, 0% used [0x00000000eca80000,0x00000000eca80000,0x00000000ed480000)
 ParOldGen       total 44032K, used 9643K [0x00000000a0000000, 0x00000000a2b00000, 0x00000000e0000000)
  object space 44032K, 21% used [0x00000000a0000000,0x00000000a096aed8,0x00000000a2b00000)
 Metaspace       used 34403K, capacity 35184K, committed 35416K, reserved 1079296K
  class space    used 4634K, capacity 4911K, committed 4992K, reserved 1048576K
Event: 131,784 GC heap after
Heap after GC invocations=11 (full 2):
 PSYoungGen      total 134144K, used 0K [0x00000000e0000000, 0x00000000ed480000, 0x0000000100000000)
  eden space 124416K, 0% used [0x00000000e0000000,0x00000000e0000000,0x00000000e7980000)
  from space 9728K, 0% used [0x00000000e7980000,0x00000000e7980000,0x00000000e8300000)
  to   space 10240K, 0% used [0x00000000eca80000,0x00000000eca80000,0x00000000ed480000)
 ParOldGen       total 70656K, used 16620K [0x00000000a0000000, 0x00000000a4500000, 0x00000000e0000000)
  object space 70656K, 23% used [0x00000000a0000000,0x00000000a103b2c8,0x00000000a4500000)
 Metaspace       used 34307K, capacity 34940K, committed 35416K, reserved 1079296K
  class space    used 4607K, capacity 4851K, committed 4992K, reserved 1048576K
}
Event: 137,450 GC heap before
{Heap before GC invocations=12 (full 2):
 PSYoungGen      total 134144K, used 124416K [0x00000000e0000000, 0x00000000ed480000, 0x0000000100000000)
  eden space 124416K, 100% used [0x00000000e0000000,0x00000000e7980000,0x00000000e7980000)
  from space 9728K, 0% used [0x00000000e7980000,0x00000000e7980000,0x00000000e8300000)
  to   space 10240K, 0% used [0x00000000eca80000,0x00000000eca80000,0x00000000ed480000)
 ParOldGen       total 70656K, used 16620K [0x00000000a0000000, 0x00000000a4500000, 0x00000000e0000000)
  object space 70656K, 23% used [0x00000000a0000000,0x00000000a103b2c8,0x00000000a4500000)
 Metaspace       used 34912K, capacity 35612K, committed 35928K, reserved 1081344K
  class space    used 4639K, capacity 4883K, committed 4992K, reserved 1048576K
Event: 137,478 GC heap after
Heap after GC invocations=12 (full 2):
 PSYoungGen      total 160256K, used 2800K [0x00000000e0000000, 0x00000000ecd80000, 0x0000000100000000)
  eden space 157184K, 0% used [0x00000000e0000000,0x00000000e0000000,0x00000000e9980000)
  from space 3072K, 91% used [0x00000000eca80000,0x00000000ecd3c040,0x00000000ecd80000)
  to   space 10752K, 0% used [0x00000000eb880000,0x00000000eb880000,0x00000000ec300000)
 ParOldGen       total 70656K, used 16628K [0x00000000a0000000, 0x00000000a4500000, 0x00000000e0000000)
  object space 70656K, 23% used [0x00000000a0000000,0x00000000a103d2c8,0x00000000a4500000)
 Metaspace       used 34912K, capacity 35612K, committed 35928K, reserved 1081344K
  class space    used 4639K, capacity 4883K, committed 4992K, reserved 1048576K
}
Event: 186,703 GC heap before
{Heap before GC invocations=13 (full 2):
 PSYoungGen      total 160256K, used 159984K [0x00000000e0000000, 0x00000000ecd80000, 0x0000000100000000)
  eden space 157184K, 100% used [0x00000000e0000000,0x00000000e9980000,0x00000000e9980000)
  from space 3072K, 91% used [0x00000000eca80000,0x00000000ecd3c040,0x00000000ecd80000)
  to   space 10752K, 0% used [0x00000000eb880000,0x00000000eb880000,0x00000000ec300000)
 ParOldGen       total 70656K, used 16628K [0x00000000a0000000, 0x00000000a4500000, 0x00000000e0000000)
  object space 70656K, 23% used [0x00000000a0000000,0x00000000a103d2c8,0x00000000a4500000)
 Metaspace       used 35882K, capacity 36798K, committed 37080K, reserved 1081344K
  class space    used 4769K, capacity 5108K, committed 5120K, reserved 1048576K

